<?xml version="1.0" encoding="UTF-8"?>
<!-- Generated by org.testng.reporters.JUnitReportReporter -->
<testsuite hostname="DESKTOP-FK3HPDT" failures="0" tests="2" name="Test.Hometest" time="44.254" errors="0" timestamp="2023-07-28T00:57:05 IST" skipped="0">
  <testcase classname="Test.Hometest" name="login" time="21.084"/>
  <system-out/>
  <testcase classname="Test.Hometest" name="testing" time="23.170"/>
  <system-out/>
</testsuite> <!-- Test.Hometest -->
