<?xml version="1.0" encoding="UTF-8"?>
<!-- Generated by org.testng.reporters.JUnitReportReporter -->
<testsuite hostname="DESKTOP-FK3HPDT" failures="0" tests="5" name="Test.LogoutTest" time="192.894" errors="0" timestamp="2023-08-08T12:28:16 IST" skipped="0">
  <testcase classname="Test.LogoutTest" name="testing1" time="17.889"/>
  <system-out/>
  <testcase classname="Test.LogoutTest" name="testing2" time="16.120"/>
  <system-out/>
  <testcase classname="Test.LogoutTest" name="testing3" time="77.061"/>
  <system-out/>
  <testcase classname="Test.LogoutTest" name="testing4" time="27.962"/>
  <system-out/>
  <testcase classname="Test.LogoutTest" name="testing5" time="53.862"/>
  <system-out/>
</testsuite> <!-- Test.LogoutTest -->
