<?xml version="1.0" encoding="UTF-8"?>
<!-- Generated by org.testng.reporters.JUnitReportReporter -->
<testsuite hostname="DESKTOP-FK3HPDT" failures="0" tests="1" name="Test.Logintest" time="32.283" errors="0" timestamp="2023-07-27T23:42:39 IST" skipped="0">
  <testcase classname="Test.Logintest" name="testing" time="32.283"/>
  <system-out/>
</testsuite> <!-- Test.Logintest -->
