<?xml version="1.0" encoding="UTF-8"?>
<!-- Generated by org.testng.reporters.JUnitReportReporter -->
<testsuite hostname="DESKTOP-FK3HPDT" failures="0" tests="2" name="Test.Addtocarttest" time="165.172" errors="0" timestamp="2023-07-28T10:15:00 IST" skipped="0">
  <testcase classname="Test.Addtocarttest" name="login" time="35.544"/>
  <system-out/>
  <testcase classname="Test.Addtocarttest" name="testing" time="129.628"/>
  <system-out/>
</testsuite> <!-- Test.Addtocarttest -->
